{"/home/runner/work/use-react-intl-formatters/use-react-intl-formatters/packages/use-formatted-message/src/index.ts": {"path":"/home/runner/work/use-react-intl-formatters/use-react-intl-formatters/packages/use-formatted-message/src/index.ts","statementMap":{},"fnMap":{},"branchMap":{},"s":{},"f":{},"b":{},"_coverageSchema":"1a1c01bbd47fc00a2c39e90264f33305004495a9","hash":"4e344fd2e78b41aaa080aae96f3769707b02b4a5"}
,"/home/runner/work/use-react-intl-formatters/use-react-intl-formatters/packages/use-react-intl-formatters/dist/index-node20.mjs": {"path":"/home/runner/work/use-react-intl-formatters/use-react-intl-formatters/packages/use-react-intl-formatters/dist/index-node20.mjs","statementMap":{"0":{"start":{"line":7,"column":15},"end":{"line":7,"column":24}},"1":{"start":{"line":8,"column":24},"end":{"line":10,"column":73}},"2":{"start":{"line":10,"column":26},"end":{"line":10,"column":64}},"3":{"start":{"line":11,"column":21},"end":{"line":17,"column":13}},"4":{"start":{"line":14,"column":8},"end":{"line":17,"column":4}},"5":{"start":{"line":18,"column":21},"end":{"line":24,"column":13}},"6":{"start":{"line":21,"column":8},"end":{"line":24,"column":4}},"7":{"start":{"line":25,"column":2},"end":{"line":29,"column":4}},"8":{"start":{"line":35,"column":25},"end":{"line":35,"column":44}},"9":{"start":{"line":36,"column":2},"end":{"line":39,"column":28}},"10":{"start":{"line":37,"column":4},"end":{"line":37,"column":60}},"11":{"start":{"line":50,"column":6},"end":{"line":50,"column":25}},"12":{"start":{"line":51,"column":2},"end":{"line":56,"column":44}},"13":{"start":{"line":52,"column":4},"end":{"line":55,"column":7}},"14":{"start":{"line":67,"column":6},"end":{"line":67,"column":25}},"15":{"start":{"line":68,"column":2},"end":{"line":73,"column":44}},"16":{"start":{"line":69,"column":4},"end":{"line":72,"column":7}}},"fnMap":{"0":{"name":"useIntlFormatters","decl":{"start":{"line":6,"column":9},"end":{"line":6,"column":26}},"loc":{"start":{"line":6,"column":29},"end":{"line":30,"column":1}},"line":6},"1":{"name":"(anonymous_1)","decl":{"start":{"line":10,"column":2},"end":{"line":10,"column":3}},"loc":{"start":{"line":10,"column":26},"end":{"line":10,"column":64}},"line":10},"2":{"name":"(anonymous_2)","decl":{"start":{"line":11,"column":33},"end":{"line":11,"column":34}},"loc":{"start":{"line":14,"column":8},"end":{"line":17,"column":4}},"line":14},"3":{"name":"(anonymous_3)","decl":{"start":{"line":18,"column":33},"end":{"line":18,"column":34}},"loc":{"start":{"line":21,"column":8},"end":{"line":24,"column":4}},"line":21},"4":{"name":"useFormattedMessage","decl":{"start":{"line":34,"column":9},"end":{"line":34,"column":28}},"loc":{"start":{"line":34,"column":60},"end":{"line":40,"column":1}},"line":34},"5":{"name":"(anonymous_5)","decl":{"start":{"line":36,"column":17},"end":{"line":36,"column":18}},"loc":{"start":{"line":36,"column":23},"end":{"line":39,"column":3}},"line":36},"6":{"name":"useFormattedDate","decl":{"start":{"line":44,"column":9},"end":{"line":44,"column":25}},"loc":{"start":{"line":47,"column":3},"end":{"line":57,"column":1}},"line":47},"7":{"name":"(anonymous_7)","decl":{"start":{"line":51,"column":17},"end":{"line":51,"column":18}},"loc":{"start":{"line":51,"column":23},"end":{"line":56,"column":3}},"line":51},"8":{"name":"useFormattedTime","decl":{"start":{"line":61,"column":9},"end":{"line":61,"column":25}},"loc":{"start":{"line":64,"column":3},"end":{"line":74,"column":1}},"line":64},"9":{"name":"(anonymous_9)","decl":{"start":{"line":68,"column":17},"end":{"line":68,"column":18}},"loc":{"start":{"line":68,"column":23},"end":{"line":73,"column":3}},"line":68}},"branchMap":{"0":{"loc":{"start":{"line":34,"column":49},"end":{"line":34,"column":58}},"type":"default-arg","locations":[{"start":{"line":34,"column":56},"end":{"line":34,"column":58}}],"line":34}},"s":{"0":0,"1":0,"2":0,"3":0,"4":0,"5":0,"6":0,"7":0,"8":0,"9":0,"10":0,"11":0,"12":0,"13":0,"14":0,"15":0,"16":0},"f":{"0":0,"1":0,"2":0,"3":0,"4":0,"5":0,"6":0,"7":0,"8":0,"9":0},"b":{"0":[0]},"inputSourceMap":null,"_coverageSchema":"1a1c01bbd47fc00a2c39e90264f33305004495a9","hash":"657d02a98b442aa1f384a7f0d8da2852dd4e1293"}
}
