TN:
SF:packages/use-formatted-message/src/index.ts
FNF:0
FNH:0
LF:0
LH:0
BRF:0
BRH:0
end_of_record
TN:
SF:packages/use-react-intl-formatters/dist/index-node18.mjs
FN:6,useIntlFormatters
FN:10,(anonymous_1)
FN:11,(anonymous_2)
FN:18,(anonymous_3)
FN:34,useFormattedMessage
FN:36,(anonymous_5)
FN:44,useFormattedDate
FN:51,(anonymous_7)
FN:61,useFormattedTime
FN:68,(anonymous_9)
FNF:10
FNH:0
FNDA:0,useIntlFormatters
FNDA:0,(anonymous_1)
FNDA:0,(anonymous_2)
FNDA:0,(anonymous_3)
FNDA:0,useFormattedMessage
FNDA:0,(anonymous_5)
FNDA:0,useFormattedDate
FNDA:0,(anonymous_7)
FNDA:0,useFormattedTime
FNDA:0,(anonymous_9)
DA:7,0
DA:8,0
DA:10,0
DA:11,0
DA:14,0
DA:18,0
DA:21,0
DA:25,0
DA:35,0
DA:36,0
DA:37,0
DA:50,0
DA:51,0
DA:52,0
DA:67,0
DA:68,0
DA:69,0
LF:17
LH:0
BRDA:34,0,0,0
BRF:1
BRH:0
end_of_record
